#
# A fatal error has been detected by the Java Runtime Environment:
#
#  EXCEPTION_ACCESS_VIOLATION (0xc0000005) at pc=0x6aef25a7, pid=4156, tid=2708
#
# JRE version: 7.0_02-b13
# Java VM: Java HotSpot(TM) Client VM (22.0-b10 mixed mode windows-x86 )
# Problematic frame:
# V  [jvm.dll+0x625a7]
#
# Failed to write core dump. Minidumps are not enabled by default on client versions of Windows
#
# If you would like to submit a bug report, please visit:
#   http://bugreport.sun.com/bugreport/crash.jsp
#

---------------  T H R E A D  ---------------

Current thread (0x020f4800):  VMThread [stack: 0x465f0000,0x46640000] [id=2708]

siginfo: ExceptionCode=0xc0000005, reading address 0x00000000

Registers:
EAX=0x00000000, EBX=0x0000000e, ECX=0x347200a8, EDX=0x136c92a4
ESP=0x4663f1f4, EBP=0x4663f204, ESI=0x0236f880, EDI=0x06d43000
EIP=0x6aef25a7, EFLAGS=0x00010246

Top of Stack: (sp=0x4663f1f4)
0x4663f1f4:   4663f334 136c9280 347201f8 0236f880
0x4663f204:   4663f224 6af14033 06d43000 136f0a20
0x4663f214:   136c9270 4663f334 34720200 347200a8
0x4663f224:   4663f244 6af00913 136c9270 136c92a4
0x4663f234:   0236f880 4663f334 00000000 02012f60
0x4663f244:   4663f258 6aef1aad 4663f334 020129c8
0x4663f254:   00000000 4663f26c 6aef769c 4663f334
0x4663f264:   020129c8 4663f2f4 4663f364 6aef1ec7 

Instructions: (pc=0x6aef25a7)
0x6aef2587:   eb 02 c1 ea 02 23 da eb 0a 8b 01 8b 50 54 57 ff
0x6aef2597:   d2 8b d8 8b 07 f6 d0 a8 01 8b 07 74 05 83 e0 fd
0x6aef25a7:   8b 00 c1 e8 03 83 e0 0f 3b 86 8c 00 00 00 7d 17
0x6aef25b7:   8b 8e b0 01 00 00 8b 01 8b 50 6c 53 ff d2 8b f0 


Register to memory mapping:

EAX=0x00000000 is an unknown value
EBX=0x0000000e is an unknown value
ECX=0x347200a8 is an oop
{instance class} 
 - klass: {other class}
EDX=0x136c92a4 is an oop
org.codehaus.groovy.runtime.metaclass.MetaMethodIndex$Entry 
 - klass: 'org/codehaus/groovy/runtime/metaclass/MetaMethodIndex$Entry'
ESP=0x4663f1f4 is an unknown value
EBP=0x4663f204 is an unknown value
ESI=0x0236f880 is an unknown value
EDI=0x06d43000 is an oop
org.codehaus.groovy.runtime.metaclass.MetaMethodIndex$Entry 
 - klass: 'org/codehaus/groovy/runtime/metaclass/MetaMethodIndex$Entry'


Stack: [0x465f0000,0x46640000],  sp=0x4663f1f4,  free space=316k
Native frames: (J=compiled Java code, j=interpreted, Vv=VM code, C=native code)
V  [jvm.dll+0x625a7]
V  [jvm.dll+0x84033]
V  [jvm.dll+0x70913]
V  [jvm.dll+0x61aad]
V  [jvm.dll+0x6769c]
V  [jvm.dll+0x61ec7]
V  [jvm.dll+0x686a6]
V  [jvm.dll+0x5fe83]
V  [jvm.dll+0x16b056]
V  [jvm.dll+0x1485c5]
V  [jvm.dll+0x1477fe]
V  [jvm.dll+0x147b2c]
V  [jvm.dll+0x147fa2]
V  [jvm.dll+0x1720b9]
C  [msvcr100.dll+0x5c6de]  endthreadex+0x3a
C  [msvcr100.dll+0x5c788]  endthreadex+0xe4
C  [kernel32.dll+0x4d2e9]  BaseThreadInitThunk+0x12
C  [ntdll.dll+0x41603]  RtlInitializeExceptionChain+0x63
C  [ntdll.dll+0x415d6]  RtlInitializeExceptionChain+0x36

VM_Operation (0x0223cda4): GenCollectForAllocation, mode: safepoint, requested by thread 0x0236a800


---------------  P R O C E S S  ---------------

Java Threads: ( => current thread )
  0x466a2c00 JavaThread "Service Thread" daemon [_thread_blocked, id=3888, stack(0x469e0000,0x46a30000)]
  0x4669bc00 JavaThread "C1 CompilerThread0" daemon [_thread_blocked, id=3480, stack(0x008e0000,0x00930000)]
  0x46698c00 JavaThread "Attach Listener" daemon [_thread_blocked, id=5760, stack(0x46970000,0x469c0000)]
  0x46695800 JavaThread "Signal Dispatcher" daemon [_thread_blocked, id=6056, stack(0x46870000,0x468c0000)]
  0x020ff000 JavaThread "Finalizer" daemon [_thread_blocked, id=6088, stack(0x02110000,0x02160000)]
  0x020fa000 JavaThread "Reference Handler" daemon [_thread_blocked, id=2688, stack(0x46590000,0x465e0000)]
  0x0236a800 JavaThread "main" [_thread_blocked, id=2880, stack(0x021f0000,0x02240000)]

Other Threads:
=>0x020f4800 VMThread [stack: 0x465f0000,0x46640000] [id=2708]
  0x466c5800 WatcherThread [stack: 0x02240000,0x02290000] [id=1340]

VM state:at safepoint (normal execution)

VM Mutex/Monitor currently owned by a thread:  ([mutex/lock_event])
[0x02368548] Threads_lock - owner thread: 0x020f4800
[0x02368958] Heap_lock - owner thread: 0x0236a800

Heap
 def new generation   total 235968K, used 209792K [0x04370000, 0x14370000, 0x14370000)
  eden space 209792K, 100% used [0x04370000, 0x11050000, 0x11050000)
  from space 26176K,   0% used [0x11050000, 0x11050000, 0x129e0000)
  to   space 26176K,  58% used [0x129e0000, 0x138c5758, 0x14370000)
 tenured generation   total 524288K, used 0K [0x14370000, 0x34370000, 0x34370000)
   the space 524288K,   0% used [0x14370000, 0x14370000, 0x14370200, 0x34370000)
 compacting perm gen  total 262144K, used 14092K [0x34370000, 0x44370000, 0x44370000)
   the space 262144K,   5% used [0x34370000, 0x351332a8, 0x35133400, 0x44370000)
No shared spaces configured.

Code Cache  [0x02370000, 0x026f8000, 0x04370000)
 total_blobs=1814 nmethods=1413 adapters=336 free_code_cache=29169Kb largest_free_block=29868224

Dynamic libraries:
0x00930000 - 0x0095e000 	C:\Program Files\Java\jdk1.7.0_02\bin\java.exe
0x76fb0000 - 0x770d8000 	C:\Windows\system32\ntdll.dll
0x76020000 - 0x760fc000 	C:\Windows\system32\kernel32.dll
0x75a40000 - 0x75b06000 	C:\Windows\system32\ADVAPI32.dll
0x76100000 - 0x761c2000 	C:\Windows\system32\RPCRT4.dll
0x761d0000 - 0x7626d000 	C:\Windows\system32\USER32.dll
0x771b0000 - 0x771fc000 	C:\Windows\system32\GDI32.dll
0x74d20000 - 0x74ebe000 	C:\Windows\WinSxS\x86_microsoft.windows.common-controls_6595b64144ccf1df_6.0.6002.18305_none_5cb72f2a088b0ed3\COMCTL32.dll
0x75860000 - 0x7590a000 	C:\Windows\system32\msvcrt.dll
0x75f40000 - 0x75f99000 	C:\Windows\system32\SHLWAPI.dll
0x77130000 - 0x7714e000 	C:\Windows\system32\IMM32.DLL
0x75ba0000 - 0x75c68000 	C:\Windows\system32\MSCTF.dll
0x77200000 - 0x77209000 	C:\Windows\system32\LPK.DLL
0x757e0000 - 0x7585d000 	C:\Windows\system32\USP10.dll
0x6eb50000 - 0x6ec0e000 	C:\Program Files\Java\jdk1.7.0_02\jre\bin\msvcr100.dll
0x6ae90000 - 0x6b1b8000 	C:\Program Files\Java\jdk1.7.0_02\jre\bin\client\jvm.dll
0x72960000 - 0x72967000 	C:\Windows\system32\WSOCK32.dll
0x77180000 - 0x771ad000 	C:\Windows\system32\WS2_32.dll
0x77110000 - 0x77116000 	C:\Windows\system32\NSI.dll
0x73b30000 - 0x73b62000 	C:\Windows\system32\WINMM.dll
0x75da0000 - 0x75ee5000 	C:\Windows\system32\ole32.dll
0x76270000 - 0x762fd000 	C:\Windows\system32\OLEAUT32.dll
0x752b0000 - 0x752ee000 	C:\Windows\system32\OLEACC.dll
0x77100000 - 0x77107000 	C:\Windows\system32\PSAPI.DLL
0x72020000 - 0x7202c000 	C:\Program Files\Java\jdk1.7.0_02\jre\bin\verify.dll
0x71a60000 - 0x71a80000 	C:\Program Files\Java\jdk1.7.0_02\jre\bin\java.dll
0x70f20000 - 0x70f33000 	C:\Program Files\Java\jdk1.7.0_02\jre\bin\zip.dll
0x745c0000 - 0x745fb000 	C:\Windows\system32\rsaenh.dll
0x756b0000 - 0x756ce000 	C:\Windows\system32\USERENV.dll
0x75690000 - 0x756a4000 	C:\Windows\system32\Secur32.dll
0x70e80000 - 0x70e94000 	C:\Program Files\Java\jdk1.7.0_02\jre\bin\net.dll
0x74840000 - 0x7487b000 	C:\Windows\system32\mswsock.dll
0x748a0000 - 0x748a5000 	C:\Windows\System32\wship6.dll
0x74100000 - 0x7410f000 	C:\Windows\system32\NLAapi.dll
0x74d00000 - 0x74d19000 	C:\Windows\system32\IPHLPAPI.DLL
0x74cc0000 - 0x74cf5000 	C:\Windows\system32\dhcpcsvc.DLL
0x74fd0000 - 0x74ffc000 	C:\Windows\system32\DNSAPI.dll
0x74cb0000 - 0x74cb7000 	C:\Windows\system32\WINNSI.DLL
0x74c80000 - 0x74ca2000 	C:\Windows\system32\dhcpcsvc6.DLL
0x70f60000 - 0x70f6f000 	C:\Windows\system32\napinsp.dll
0x70d10000 - 0x70d22000 	C:\Windows\system32\pnrpnsp.dll
0x70df0000 - 0x70df8000 	C:\Windows\System32\winrnr.dll
0x75ef0000 - 0x75f39000 	C:\Windows\system32\WLDAP32.dll
0x707c0000 - 0x707e1000 	C:\Program Files\Bonjour\mdnsNSP.dll
0x74510000 - 0x74515000 	C:\Windows\System32\wshtcpip.dll
0x71030000 - 0x71036000 	C:\Windows\system32\rasadhlp.dll
0x71a80000 - 0x71a8f000 	C:\Program Files\Java\jdk1.7.0_02\jre\bin\nio.dll
0x00210000 - 0x00264000 	C:\Users\jurberg\AppData\Local\Temp\jna8842950206843696619.dll
0x00280000 - 0x00288000 	C:\Users\jurberg\AppData\Local\Temp\jline_.dll

VM Arguments:
jvm_args: -Dgrails.home=C:\Users\jurberg\dev\grails\grails-2.1.1 -Dbase.dir=C:\Users\jurberg\dev\projects\grails-js-presentation\example -Dtools.jar=C:\Program Files\Java\jdk1.7.0_02\lib\tools.jar -Dgroovy.starter.conf=C:\Users\jurberg\dev\grails\grails-2.1.1/conf/groovy-starter.conf -Xmx768M -Xms768M -XX:MaxPermSize=256m -XX:PermSize=256m -Djline.WindowsTerminal.directConsole=false -Dfile.encoding=UTF-8 
java_command: org.codehaus.groovy.grails.cli.support.GrailsStarter --main org.codehaus.groovy.grails.cli.GrailsScriptRunner --conf C:\Users\jurberg\dev\grails\grails-2.1.1/conf/groovy-starter.conf war -Dgrails.env=prod
Launcher Type: SUN_STANDARD

Environment Variables:
JAVA_HOME=C:\Program Files\Java\jdk1.7.0_02
CLASSPATH=.;C:\Program Files\Java\jre7\lib\ext\QTJava.zip
PATH=C:\Program Files\JetBrains\IntelliJ IDEA 12.1\bin\..\.\bin;c:\mingw\msys\1.0\bin;c:\mingw\bin;C:\Program Files\Java\jdk1.7.0_02\bin;C:\Windows\system32;C:\Windows;C:\Windows\system32\wbem;C:\Windows\system32\windowspowershell\v1.0\;c:\program files\ibm\gsk8\lib;C:\Program Files\Groovy\Groovy-1.8.6\bin;C:\Program Files\nodejs\;C:\Program Files\QuickTime\QTSystem\;C:\Program Files\Git\cmd;C:\Users\jurberg\opt\phantomjs-1.9.2-windows;C:\Ruby193\bin;C:\Users\jurberg\dev\apache-maven-3.0.4\bin;C:\Users\jurberg\dev\grails\grails-2.1.1\bin;C:\Users\jurberg\AppData\Roaming\npm\;C:\Users\jurberg\opt\redis\32bit;C:\Users\jurberg\opt\mongodb\bin;C:\Users\jurberg\AppData\Local\.meteor;c:\program files\jetbrains\intellij idea 12.1\jre\jre\bin
USERNAME=jurberg
OS=Windows_NT
PROCESSOR_IDENTIFIER=x86 Family 6 Model 15 Stepping 11, GenuineIntel



---------------  S Y S T E M  ---------------

OS: Windows Vista Build 6002 Service Pack 2

CPU:total 2 (2 cores per cpu, 1 threads per core) family 6 model 15 stepping 11, cmov, cx8, fxsr, mmx, sse, sse2, sse3, ssse3

Memory: 4k page, physical 3658804k(1022124k free), swap 7533664k(3184708k free)

vm_info: Java HotSpot(TM) Client VM (22.0-b10) for windows-x86 JRE (1.7.0_02-b13), built on Nov 17 2011 17:17:32 by "java_re" with unknown MS VC++:1600

time: Sun Feb 09 17:21:49 2014
elapsed time: 4 seconds

