#
# A fatal error has been detected by the Java Runtime Environment:
#
#  EXCEPTION_ACCESS_VIOLATION (0xc0000005) at pc=0x77016666, pid=3604, tid=4396
#
# JRE version: 7.0_02-b13
# Java VM: Java HotSpot(TM) Client VM (22.0-b10 mixed mode windows-x86 )
# Problematic frame:
# C  [ntdll.dll+0x66666]
#
# Failed to write core dump. Minidumps are not enabled by default on client versions of Windows
#
# If you would like to submit a bug report, please visit:
#   http://bugreport.sun.com/bugreport/crash.jsp
#

---------------  T H R E A D  ---------------

Current thread (0x023aa800):  JavaThread "main" [_thread_in_vm, id=4396, stack(0x00a60000,0x00ab0000)]

siginfo: ExceptionCode=0xc0000005, writing address 0x00000000

Registers:
EAX=0x00000000, EBX=0x6dfe0001, ECX=0x000008d7, EDX=0x00000000
ESP=0x00aacbd8, EBP=0x00aacc0c, ESI=0x43a8535e, EDI=0x6dfe0000
EIP=0x77016666, EFLAGS=0x00010206

Top of Stack: (sp=0x00aacbd8)
0x00aacbd8:   00000000 023a0000 46b36ff8 00000020
0x00aacbe8:   00000020 00000000 00000000 00aacc08
0x00aacbf8:   6afba178 00000020 00000000 00000001
0x00aacc08:   46b36ff0 00aacc20 770165ba 02213c20
0x00aacc18:   34963de8 00000003 00aacc34 76069c26
0x00aacc28:   023a0000 00000000 46b36ff0 00aacc48
0x00aacc38:   6eb6016a 023a0000 00000000 46b36ff8
0x00aacc48:   00aacc90 6aeb7ce6 46b36ff8 023aa800 

Instructions: (pc=0x77016666)
0x77016646:   08 2b 7d f4 33 c0 c1 ef 03 0f a4 f8 10 c1 e7 10
0x77016656:   c1 ea 10 0b df 0b c8 8b 06 c7 45 f8 01 00 00 00
0x77016666:   89 30 8b 45 e0 8b 55 e4 8d 7e 08 f0 0f c7 0f 3b
0x77016676:   45 e0 0f 85 2d 05 fb ff 3b 55 e4 0f 85 24 05 fb 


Register to memory mapping:

EAX=0x00000000 is an unknown value
EBX=0x6dfe0001 is an unknown value
ECX=0x000008d7 is an unknown value
EDX=0x00000000 is an unknown value
ESP=0x00aacbd8 is pointing into the stack for thread: 0x023aa800
EBP=0x00aacc0c is pointing into the stack for thread: 0x023aa800
ESI=0x43a8535e is an unallocated location in the heap
EDI=0x6dfe0000 is an unknown value


Stack: [0x00a60000,0x00ab0000],  sp=0x00aacbd8,  free space=306k
Native frames: (J=compiled Java code, j=interpreted, Vv=VM code, C=native code)
C  [ntdll.dll+0x66666]  RtlFreeHeap+0x126
C  [ntdll.dll+0x665ba]  RtlFreeHeap+0x7a
C  [kernel32.dll+0x49c26]  HeapFree+0x14
C  [msvcr100.dll+0x1016a]  free+0x1c
V  [jvm.dll+0x27ce6]
V  [jvm.dll+0x27da2]
V  [jvm.dll+0x127c5]
V  [jvm.dll+0x1405a]
V  [jvm.dll+0x1860e]
V  [jvm.dll+0x1ae28]
V  [jvm.dll+0x2b32f]
V  [jvm.dll+0x2c718]
V  [jvm.dll+0x2cddb]
V  [jvm.dll+0x28f1b]
V  [jvm.dll+0x14e52]
V  [jvm.dll+0x18b4c]
V  [jvm.dll+0x1ae28]
V  [jvm.dll+0x2b32f]
V  [jvm.dll+0x2c718]
V  [jvm.dll+0x2cddb]
V  [jvm.dll+0x2ce2a]
V  [jvm.dll+0x78d8c]
V  [jvm.dll+0x4f056]
V  [jvm.dll+0x79fd6]
V  [jvm.dll+0x52bd7]
V  [jvm.dll+0x534fa]
V  [jvm.dll+0x55fe7]
V  [jvm.dll+0x562a0]
V  [jvm.dll+0x52239]
j  java.lang.reflect.Method.getFactory()Lsun/reflect/generics/factory/GenericsFactory;+5
j  java.lang.reflect.Method.getGenericInfo()Lsun/reflect/generics/repository/MethodRepository;+13
j  java.lang.reflect.Method.getGenericParameterTypes()[Ljava/lang/reflect/Type;+8
j  java.beans.FeatureDescriptor.getParameterTypes(Ljava/lang/Class;Ljava/lang/reflect/Method;)[Ljava/lang/Class;+11
j  java.beans.MethodDescriptor.setMethod(Ljava/lang/reflect/Method;)V+26
j  java.beans.MethodDescriptor.<init>(Ljava/lang/reflect/Method;[Ljava/beans/ParameterDescriptor;)V+14
j  java.beans.MethodDescriptor.<init>(Ljava/lang/reflect/Method;)V+3
j  java.beans.Introspector.getTargetMethodInfo()[Ljava/beans/MethodDescriptor;+201
j  java.beans.Introspector.getBeanInfo()Ljava/beans/BeanInfo;+6
j  java.beans.Introspector.getBeanInfo(Ljava/lang/Class;)Ljava/beans/BeanInfo;+63
j  java.beans.Introspector.getBeanInfo(Ljava/lang/Class;Ljava/lang/Class;I)Ljava/beans/BeanInfo;+10
j  java.beans.Introspector.<init>(Ljava/lang/Class;Ljava/lang/Class;I)V+157
j  java.beans.Introspector.getBeanInfo(Ljava/lang/Class;)Ljava/beans/BeanInfo;+60
j  java.beans.Introspector.getBeanInfo(Ljava/lang/Class;Ljava/lang/Class;I)Ljava/beans/BeanInfo;+10
j  java.beans.Introspector.<init>(Ljava/lang/Class;Ljava/lang/Class;I)V+157
j  java.beans.Introspector.getBeanInfo(Ljava/lang/Class;)Ljava/beans/BeanInfo;+60
j  groovy.lang.MetaClassImpl$15.run()Ljava/lang/Object;+7
v  ~StubRoutines::call_stub
V  [jvm.dll+0x123c0a]
V  [jvm.dll+0x1c9e8e]
V  [jvm.dll+0x123c8d]
V  [jvm.dll+0xd404a]
C  [java.dll+0x1047]  Java_java_security_AccessController_doPrivileged__Ljava_security_PrivilegedExceptionAction_2+0x15
j  groovy.lang.MetaClassImpl.addProperties()V+37
j  groovy.lang.MetaClassImpl.initialize()V+12
j  org.codehaus.groovy.runtime.metaclass.MetaClassRegistryImpl.<init>(IZ)V+311
j  org.codehaus.groovy.runtime.metaclass.MetaClassRegistryImpl.<init>()V+3
j  groovy.lang.GroovySystem.<clinit>()V+8
v  ~StubRoutines::call_stub
V  [jvm.dll+0x123c0a]
V  [jvm.dll+0x1c9e8e]
V  [jvm.dll+0x123c8d]
V  [jvm.dll+0x87c08]
V  [jvm.dll+0x88750]
V  [jvm.dll+0x88ac2]
V  [jvm.dll+0x88e29]
V  [jvm.dll+0x5578c]
V  [jvm.dll+0x5600d]
V  [jvm.dll+0x562a0]
V  [jvm.dll+0x52239]
j  org.codehaus.groovy.runtime.InvokerHelper.<clinit>()V+34
v  ~StubRoutines::call_stub
V  [jvm.dll+0x123c0a]
V  [jvm.dll+0x1c9e8e]
V  [jvm.dll+0x123c8d]
V  [jvm.dll+0x87c08]
V  [jvm.dll+0x88750]
V  [jvm.dll+0x88ac2]
V  [jvm.dll+0x88e29]
V  [jvm.dll+0x5578c]
V  [jvm.dll+0x5600d]
V  [jvm.dll+0x562a0]
V  [jvm.dll+0x52239]
j  groovy.lang.GroovyObjectSupport.<init>()V+9
j  groovy.lang.Closure.<init>(Ljava/lang/Object;Ljava/lang/Object;)V+1
j  groovy.lang.Closure.<init>(Ljava/lang/Object;)V+3
j  groovy.lang.Closure$1.<init>(Ljava/lang/Object;)V+2
j  groovy.lang.Closure.<clinit>()V+12
v  ~StubRoutines::call_stub
V  [jvm.dll+0x123c0a]
V  [jvm.dll+0x1c9e8e]
V  [jvm.dll+0x123c8d]
V  [jvm.dll+0x87c08]
V  [jvm.dll+0x88750]
V  [jvm.dll+0x88ac2]
V  [jvm.dll+0x88e29]
V  [jvm.dll+0x88a09]
V  [jvm.dll+0x88e29]
V  [jvm.dll+0x4f1b5]
j  org.codehaus.groovy.grails.cli.GrailsScriptRunner.<clinit>()V+9
v  ~StubRoutines::call_stub
...<more frames>...

Java frames: (J=compiled Java code, j=interpreted, Vv=VM code)
j  java.lang.reflect.Method.getFactory()Lsun/reflect/generics/factory/GenericsFactory;+5
j  java.lang.reflect.Method.getGenericInfo()Lsun/reflect/generics/repository/MethodRepository;+13
j  java.lang.reflect.Method.getGenericParameterTypes()[Ljava/lang/reflect/Type;+8
j  java.beans.FeatureDescriptor.getParameterTypes(Ljava/lang/Class;Ljava/lang/reflect/Method;)[Ljava/lang/Class;+11
j  java.beans.MethodDescriptor.setMethod(Ljava/lang/reflect/Method;)V+26
j  java.beans.MethodDescriptor.<init>(Ljava/lang/reflect/Method;[Ljava/beans/ParameterDescriptor;)V+14
j  java.beans.MethodDescriptor.<init>(Ljava/lang/reflect/Method;)V+3
j  java.beans.Introspector.getTargetMethodInfo()[Ljava/beans/MethodDescriptor;+201
j  java.beans.Introspector.getBeanInfo()Ljava/beans/BeanInfo;+6
j  java.beans.Introspector.getBeanInfo(Ljava/lang/Class;)Ljava/beans/BeanInfo;+63
j  java.beans.Introspector.getBeanInfo(Ljava/lang/Class;Ljava/lang/Class;I)Ljava/beans/BeanInfo;+10
j  java.beans.Introspector.<init>(Ljava/lang/Class;Ljava/lang/Class;I)V+157
j  java.beans.Introspector.getBeanInfo(Ljava/lang/Class;)Ljava/beans/BeanInfo;+60
j  java.beans.Introspector.getBeanInfo(Ljava/lang/Class;Ljava/lang/Class;I)Ljava/beans/BeanInfo;+10
j  java.beans.Introspector.<init>(Ljava/lang/Class;Ljava/lang/Class;I)V+157
j  java.beans.Introspector.getBeanInfo(Ljava/lang/Class;)Ljava/beans/BeanInfo;+60
j  groovy.lang.MetaClassImpl$15.run()Ljava/lang/Object;+7
v  ~StubRoutines::call_stub
j  java.security.AccessController.doPrivileged(Ljava/security/PrivilegedExceptionAction;)Ljava/lang/Object;+0
j  groovy.lang.MetaClassImpl.addProperties()V+37
j  groovy.lang.MetaClassImpl.initialize()V+12
j  org.codehaus.groovy.runtime.metaclass.MetaClassRegistryImpl.<init>(IZ)V+311
j  org.codehaus.groovy.runtime.metaclass.MetaClassRegistryImpl.<init>()V+3
j  groovy.lang.GroovySystem.<clinit>()V+8
v  ~StubRoutines::call_stub
j  org.codehaus.groovy.runtime.InvokerHelper.<clinit>()V+34
v  ~StubRoutines::call_stub
j  groovy.lang.GroovyObjectSupport.<init>()V+9
j  groovy.lang.Closure.<init>(Ljava/lang/Object;Ljava/lang/Object;)V+1
j  groovy.lang.Closure.<init>(Ljava/lang/Object;)V+3
j  groovy.lang.Closure$1.<init>(Ljava/lang/Object;)V+2
j  groovy.lang.Closure.<clinit>()V+12
v  ~StubRoutines::call_stub
j  org.codehaus.groovy.grails.cli.GrailsScriptRunner.<clinit>()V+9
v  ~StubRoutines::call_stub
j  sun.reflect.NativeMethodAccessorImpl.invoke0(Ljava/lang/reflect/Method;Ljava/lang/Object;[Ljava/lang/Object;)Ljava/lang/Object;+0
j  sun.reflect.NativeMethodAccessorImpl.invoke(Ljava/lang/Object;[Ljava/lang/Object;)Ljava/lang/Object;+87
j  sun.reflect.DelegatingMethodAccessorImpl.invoke(Ljava/lang/Object;[Ljava/lang/Object;)Ljava/lang/Object;+6
j  java.lang.reflect.Method.invoke(Ljava/lang/Object;[Ljava/lang/Object;)Ljava/lang/Object;+57
j  org.codehaus.groovy.grails.cli.support.GrailsStarter.rootLoader([Ljava/lang/String;)V+1245
j  org.codehaus.groovy.grails.cli.support.GrailsStarter.main([Ljava/lang/String;)V+1
v  ~StubRoutines::call_stub

---------------  P R O C E S S  ---------------

Java Threads: ( => current thread )
  0x46606000 JavaThread "Service Thread" daemon [_thread_blocked, id=6024, stack(0x467a0000,0x467f0000)]
  0x465fa000 JavaThread "C1 CompilerThread0" daemon [_thread_blocked, id=4756, stack(0x46980000,0x469d0000)]
  0x465f6c00 JavaThread "Attach Listener" daemon [_thread_blocked, id=2864, stack(0x468c0000,0x46910000)]
  0x465f3800 JavaThread "Signal Dispatcher" daemon [_thread_blocked, id=5708, stack(0x017e0000,0x01830000)]
  0x022ff000 JavaThread "Finalizer" daemon [_thread_blocked, id=2856, stack(0x008e0000,0x00930000)]
  0x022fa000 JavaThread "Reference Handler" daemon [_thread_blocked, id=5196, stack(0x01760000,0x017b0000)]
=>0x023aa800 JavaThread "main" [_thread_in_vm, id=4396, stack(0x00a60000,0x00ab0000)]

Other Threads:
  0x022f4800 VMThread [stack: 0x02340000,0x02390000] [id=4352]
  0x46620400 WatcherThread [stack: 0x46a70000,0x46ac0000] [id=5724]

VM state:not at safepoint (normal execution)

VM Mutex/Monitor currently owned by a thread:  ([mutex/lock_event])
[0x023a8138] SymbolTable_lock - owner thread: 0x023aa800

Heap
 def new generation   total 235968K, used 16795K [0x04590000, 0x14590000, 0x14590000)
  eden space 209792K,   8% used [0x04590000, 0x055f6e40, 0x11270000)
  from space 26176K,   0% used [0x11270000, 0x11270000, 0x12c00000)
  to   space 26176K,   0% used [0x12c00000, 0x12c00000, 0x14590000)
 tenured generation   total 524288K, used 0K [0x14590000, 0x34590000, 0x34590000)
   the space 524288K,   0% used [0x14590000, 0x14590000, 0x14590200, 0x34590000)
 compacting perm gen  total 262144K, used 3919K [0x34590000, 0x44590000, 0x44590000)
   the space 262144K,   1% used [0x34590000, 0x34963e18, 0x34964000, 0x44590000)
No shared spaces configured.

Code Cache  [0x02590000, 0x02658000, 0x04590000)
 total_blobs=261 nmethods=127 adapters=70 free_code_cache=31993Kb largest_free_block=32760832

Dynamic libraries:
0x00930000 - 0x0095e000 	C:\Program Files\Java\jdk1.7.0_02\bin\java.exe
0x76fb0000 - 0x770d8000 	C:\Windows\system32\ntdll.dll
0x76020000 - 0x760fc000 	C:\Windows\system32\kernel32.dll
0x75a40000 - 0x75b06000 	C:\Windows\system32\ADVAPI32.dll
0x76100000 - 0x761c2000 	C:\Windows\system32\RPCRT4.dll
0x761d0000 - 0x7626d000 	C:\Windows\system32\USER32.dll
0x771b0000 - 0x771fc000 	C:\Windows\system32\GDI32.dll
0x74d20000 - 0x74ebe000 	C:\Windows\WinSxS\x86_microsoft.windows.common-controls_6595b64144ccf1df_6.0.6002.18305_none_5cb72f2a088b0ed3\COMCTL32.dll
0x75860000 - 0x7590a000 	C:\Windows\system32\msvcrt.dll
0x75f40000 - 0x75f99000 	C:\Windows\system32\SHLWAPI.dll
0x77130000 - 0x7714e000 	C:\Windows\system32\IMM32.DLL
0x75ba0000 - 0x75c68000 	C:\Windows\system32\MSCTF.dll
0x77200000 - 0x77209000 	C:\Windows\system32\LPK.DLL
0x757e0000 - 0x7585d000 	C:\Windows\system32\USP10.dll
0x6eb50000 - 0x6ec0e000 	C:\Program Files\Java\jdk1.7.0_02\jre\bin\msvcr100.dll
0x6ae90000 - 0x6b1b8000 	C:\Program Files\Java\jdk1.7.0_02\jre\bin\client\jvm.dll
0x72960000 - 0x72967000 	C:\Windows\system32\WSOCK32.dll
0x77180000 - 0x771ad000 	C:\Windows\system32\WS2_32.dll
0x77110000 - 0x77116000 	C:\Windows\system32\NSI.dll
0x73b30000 - 0x73b62000 	C:\Windows\system32\WINMM.dll
0x75da0000 - 0x75ee5000 	C:\Windows\system32\ole32.dll
0x76270000 - 0x762fd000 	C:\Windows\system32\OLEAUT32.dll
0x752b0000 - 0x752ee000 	C:\Windows\system32\OLEACC.dll
0x77100000 - 0x77107000 	C:\Windows\system32\PSAPI.DLL
0x72020000 - 0x7202c000 	C:\Program Files\Java\jdk1.7.0_02\jre\bin\verify.dll
0x71a60000 - 0x71a80000 	C:\Program Files\Java\jdk1.7.0_02\jre\bin\java.dll
0x70f20000 - 0x70f33000 	C:\Program Files\Java\jdk1.7.0_02\jre\bin\zip.dll

VM Arguments:
jvm_args: -Dgrails.home=C:\Users\jurberg\dev\grails\grails-2.1.1 -Dbase.dir=C:\Users\jurberg\dev\projects\grails-js-presentation\example -Dtools.jar=C:\Program Files\Java\jdk1.7.0_02\lib\tools.jar -Dgroovy.starter.conf=C:\Users\jurberg\dev\grails\grails-2.1.1/conf/groovy-starter.conf -Xmx768M -Xms768M -XX:MaxPermSize=256m -XX:PermSize=256m -Djline.WindowsTerminal.directConsole=false -Dfile.encoding=UTF-8 
java_command: org.codehaus.groovy.grails.cli.support.GrailsStarter --main org.codehaus.groovy.grails.cli.GrailsScriptRunner --conf C:\Users\jurberg\dev\grails\grails-2.1.1/conf/groovy-starter.conf war -Dgrails.env=prod
Launcher Type: SUN_STANDARD

Environment Variables:
JAVA_HOME=C:\Program Files\Java\jdk1.7.0_02
CLASSPATH=.;C:\Program Files\Java\jre7\lib\ext\QTJava.zip
PATH=C:\Program Files\JetBrains\IntelliJ IDEA 12.1\bin\..\.\bin;c:\mingw\msys\1.0\bin;c:\mingw\bin;C:\Program Files\Java\jdk1.7.0_02\bin;C:\Windows\system32;C:\Windows;C:\Windows\system32\wbem;C:\Windows\system32\windowspowershell\v1.0\;c:\program files\ibm\gsk8\lib;C:\Program Files\Groovy\Groovy-1.8.6\bin;C:\Program Files\nodejs\;C:\Program Files\QuickTime\QTSystem\;C:\Program Files\Git\cmd;C:\Users\jurberg\opt\phantomjs-1.9.2-windows;C:\Ruby193\bin;C:\Users\jurberg\dev\apache-maven-3.0.4\bin;C:\Users\jurberg\dev\grails\grails-2.1.1\bin;C:\Users\jurberg\AppData\Roaming\npm\;C:\Users\jurberg\opt\redis\32bit;C:\Users\jurberg\opt\mongodb\bin;C:\Users\jurberg\AppData\Local\.meteor;c:\program files\jetbrains\intellij idea 12.1\jre\jre\bin
USERNAME=jurberg
OS=Windows_NT
PROCESSOR_IDENTIFIER=x86 Family 6 Model 15 Stepping 11, GenuineIntel



---------------  S Y S T E M  ---------------

OS: Windows Vista Build 6002 Service Pack 2

CPU:total 2 (2 cores per cpu, 1 threads per core) family 6 model 15 stepping 11, cmov, cx8, fxsr, mmx, sse, sse2, sse3, ssse3

Memory: 4k page, physical 3658804k(1295876k free), swap 7533664k(3214980k free)

vm_info: Java HotSpot(TM) Client VM (22.0-b10) for windows-x86 JRE (1.7.0_02-b13), built on Nov 17 2011 17:17:32 by "java_re" with unknown MS VC++:1600

time: Sun Feb 09 17:25:37 2014
elapsed time: 0 seconds

